<?xml version="1.0" encoding="UTF-8"?>
<!-- Generated by org.testng.reporters.JUnitReportReporter -->
<testsuite skipped="0" hostname="hp-PC" name="com.actitime.test.CreateCustomer" tests="1" failures="0" timestamp="2020-07-08T11:58:08 IST" time="0.021" errors="0">
  <testcase name="testCreateCustomer" time="0.021" classname="com.actitime.test.CreateCustomer"/>
  <system-out>
create customer  </system-out>
</testsuite> <!-- com.actitime.test.CreateCustomer -->
